The system is: Darwin - 20.5.0 - x86_64
Compiling the C compiler identification source file "CMakeCCompilerId.c" succeeded.
Compiler: /Applications/Xcode.app/Contents/Developer/Toolchains/XcodeDefault.xctoolchain/usr/bin/cc 
Build flags: 
Id flags: -c 

The output was:
0


Compilation of the C compiler identification source "CMakeCCompilerId.c" produced "CMakeCCompilerId.o"

The C compiler identification is AppleClang, found in "/Users/leleliu008/git/C/algorithm/chinese-calendar/build.d/CMakeFiles/3.20.3/CompilerIdC/CMakeCCompilerId.o"

Detecting C compiler ABI info compiled with the following output:
Change Dir: /Users/leleliu008/git/C/algorithm/chinese-calendar/build.d/CMakeFiles/CMakeTmp

Run Build Command(s):/usr/local/bin/gmake -f Makefile cmTC_fb724/fast && /usr/local/bin/gmake  -f CMakeFiles/cmTC_fb724.dir/build.make CMakeFiles/cmTC_fb724.dir/build
gmake[1]: Entering directory '/Users/leleliu008/git/C/algorithm/chinese-calendar/build.d/CMakeFiles/CMakeTmp'
Building C object CMakeFiles/cmTC_fb724.dir/CMakeCCompilerABI.c.o
/Applications/Xcode.app/Contents/Developer/Toolchains/XcodeDefault.xctoolchain/usr/bin/cc   -isysroot /Applications/Xcode.app/Contents/Developer/Platforms/MacOSX.platform/Developer/SDKs/MacOSX11.3.sdk   -v -Wl,-v -MD -MT CMakeFiles/cmTC_fb724.dir/CMakeCCompilerABI.c.o -MF CMakeFiles/cmTC_fb724.dir/CMakeCCompilerABI.c.o.d -o CMakeFiles/cmTC_fb724.dir/CMakeCCompilerABI.c.o -c /usr/local/Cellar/cmake/3.20.3/share/cmake/Modules/CMakeCCompilerABI.c
Apple clang version 12.0.5 (clang-1205.0.22.9)
Target: x86_64-apple-darwin20.5.0
Thread model: posix
InstalledDir: /Applications/Xcode.app/Contents/Developer/Toolchains/XcodeDefault.xctoolchain/usr/bin
clang: warning: -Wl,-v: 'linker' input unused [-Wunused-command-line-argument]
 "/Applications/Xcode.app/Contents/Developer/Toolchains/XcodeDefault.xctoolchain/usr/bin/clang" -cc1 -triple x86_64-apple-macosx11.0.0 -Wdeprecated-objc-isa-usage -Werror=deprecated-objc-isa-usage -Werror=implicit-function-declaration -emit-obj -mrelax-all -disable-free -disable-llvm-verifier -discard-value-names -main-file-name CMakeCCompilerABI.c -mrelocation-model pic -pic-level 2 -mframe-pointer=all -fno-strict-return -fno-rounding-math -munwind-tables -target-sdk-version=11.3 -fvisibility-inlines-hidden-static-local-var -target-cpu penryn -debugger-tuning=lldb -target-linker-version 650.9 -v -resource-dir /Applications/Xcode.app/Contents/Developer/Toolchains/XcodeDefault.xctoolchain/usr/lib/clang/12.0.5 -dependency-file CMakeFiles/cmTC_fb724.dir/CMakeCCompilerABI.c.o.d -skip-unused-modulemap-deps -MT CMakeFiles/cmTC_fb724.dir/CMakeCCompilerABI.c.o -sys-header-deps -isysroot /Applications/Xcode.app/Contents/Developer/Platforms/MacOSX.platform/Developer/SDKs/MacOSX11.3.sdk -internal-isystem /Applications/Xcode.app/Contents/Developer/Platforms/MacOSX.platform/Developer/SDKs/MacOSX11.3.sdk/usr/local/include -internal-isystem /Applications/Xcode.app/Contents/Developer/Toolchains/XcodeDefault.xctoolchain/usr/lib/clang/12.0.5/include -internal-externc-isystem /Applications/Xcode.app/Contents/Developer/Platforms/MacOSX.platform/Developer/SDKs/MacOSX11.3.sdk/usr/include -internal-externc-isystem /Applications/Xcode.app/Contents/Developer/Toolchains/XcodeDefault.xctoolchain/usr/include -Wno-reorder-init-list -Wno-implicit-int-float-conversion -Wno-c99-designator -Wno-final-dtor-non-final-class -Wno-extra-semi-stmt -Wno-misleading-indentation -Wno-quoted-include-in-framework-header -Wno-implicit-fallthrough -Wno-enum-enum-conversion -Wno-enum-float-conversion -Wno-elaborated-enum-base -fdebug-compilation-dir /Users/leleliu008/git/C/algorithm/chinese-calendar/build.d/CMakeFiles/CMakeTmp -ferror-limit 19 -stack-protector 1 -fstack-check -mdarwin-stkchk-strong-link -fblocks -fencode-extended-block-signature -fregister-global-dtors-with-atexit -fgnuc-version=4.2.1 -fmax-type-align=16 -fcommon -clang-vendor-feature=+disableNonDependentMemberExprInCurrentInstantiation -fno-odr-hash-protocols -mllvm -disable-aligned-alloc-awareness=1 -o CMakeFiles/cmTC_fb724.dir/CMakeCCompilerABI.c.o -x c /usr/local/Cellar/cmake/3.20.3/share/cmake/Modules/CMakeCCompilerABI.c
clang -cc1 version 12.0.5 (clang-1205.0.22.9) default target x86_64-apple-darwin20.5.0
ignoring nonexistent directory "/Applications/Xcode.app/Contents/Developer/Platforms/MacOSX.platform/Developer/SDKs/MacOSX11.3.sdk/usr/local/include"
ignoring nonexistent directory "/Applications/Xcode.app/Contents/Developer/Platforms/MacOSX.platform/Developer/SDKs/MacOSX11.3.sdk/Library/Frameworks"
#include "..." search starts here:
#include <...> search starts here:
 /Applications/Xcode.app/Contents/Developer/Toolchains/XcodeDefault.xctoolchain/usr/lib/clang/12.0.5/include
 /Applications/Xcode.app/Contents/Developer/Platforms/MacOSX.platform/Developer/SDKs/MacOSX11.3.sdk/usr/include
 /Applications/Xcode.app/Contents/Developer/Toolchains/XcodeDefault.xctoolchain/usr/include
 /Applications/Xcode.app/Contents/Developer/Platforms/MacOSX.platform/Developer/SDKs/MacOSX11.3.sdk/System/Library/Frameworks (framework directory)
End of search list.
Linking C executable cmTC_fb724
/usr/local/Cellar/cmake/3.20.3/bin/cmake -E cmake_link_script CMakeFiles/cmTC_fb724.dir/link.txt --verbose=1
/Applications/Xcode.app/Contents/Developer/Toolchains/XcodeDefault.xctoolchain/usr/bin/cc  -isysroot /Applications/Xcode.app/Contents/Developer/Platforms/MacOSX.platform/Developer/SDKs/MacOSX11.3.sdk -Wl,-search_paths_first -Wl,-headerpad_max_install_names -L/usr/local/opt/curl/lib -L/usr/local/opt/libxml2/lib -L/usr/local/opt/gettext/lib -L/usr/local/opt/bison/lib -L/usr/local/opt/readline/lib -L/usr/local/opt/ncurses/lib -L/usr/local/opt/libffi/lib -L/usr/local/opt/qt/lib -L/usr/local/opt/sqlite3/lib -v -Wl,-v CMakeFiles/cmTC_fb724.dir/CMakeCCompilerABI.c.o -o cmTC_fb724 
Apple clang version 12.0.5 (clang-1205.0.22.9)
Target: x86_64-apple-darwin20.5.0
Thread model: posix
InstalledDir: /Applications/Xcode.app/Contents/Developer/Toolchains/XcodeDefault.xctoolchain/usr/bin
 "/Applications/Xcode.app/Contents/Developer/Toolchains/XcodeDefault.xctoolchain/usr/bin/ld" -demangle -lto_library /Applications/Xcode.app/Contents/Developer/Toolchains/XcodeDefault.xctoolchain/usr/lib/libLTO.dylib -dynamic -arch x86_64 -platform_version macos 11.0.0 11.3 -syslibroot /Applications/Xcode.app/Contents/Developer/Platforms/MacOSX.platform/Developer/SDKs/MacOSX11.3.sdk -o cmTC_fb724 -L/usr/local/opt/curl/lib -L/usr/local/opt/libxml2/lib -L/usr/local/opt/gettext/lib -L/usr/local/opt/bison/lib -L/usr/local/opt/readline/lib -L/usr/local/opt/ncurses/lib -L/usr/local/opt/libffi/lib -L/usr/local/opt/qt/lib -L/usr/local/opt/sqlite3/lib -search_paths_first -headerpad_max_install_names -v CMakeFiles/cmTC_fb724.dir/CMakeCCompilerABI.c.o -lSystem /Applications/Xcode.app/Contents/Developer/Toolchains/XcodeDefault.xctoolchain/usr/lib/clang/12.0.5/lib/darwin/libclang_rt.osx.a
@(#)PROGRAM:ld  PROJECT:ld64-650.9
BUILD 00:19:30 Mar 17 2021
configured to support archs: armv6 armv7 armv7s arm64 arm64e arm64_32 i386 x86_64 x86_64h armv6m armv7k armv7m armv7em
Library search paths:
	/usr/local/opt/curl/lib
	/usr/local/opt/libxml2/lib
	/usr/local/opt/gettext/lib
	/usr/local/opt/bison/lib
	/usr/local/opt/readline/lib
	/usr/local/opt/ncurses/lib
	/usr/local/opt/libffi/lib
	/usr/local/opt/qt/lib
	/usr/local/opt/sqlite3/lib
	/Applications/Xcode.app/Contents/Developer/Platforms/MacOSX.platform/Developer/SDKs/MacOSX11.3.sdk/usr/lib
Framework search paths:
	/Applications/Xcode.app/Contents/Developer/Platforms/MacOSX.platform/Developer/SDKs/MacOSX11.3.sdk/System/Library/Frameworks/
gmake[1]: Leaving directory '/Users/leleliu008/git/C/algorithm/chinese-calendar/build.d/CMakeFiles/CMakeTmp'



Parsed C implicit include dir info from above output: rv=done
  found start of include info
  found start of implicit include info
    add: [/Applications/Xcode.app/Contents/Developer/Toolchains/XcodeDefault.xctoolchain/usr/lib/clang/12.0.5/include]
    add: [/Applications/Xcode.app/Contents/Developer/Platforms/MacOSX.platform/Developer/SDKs/MacOSX11.3.sdk/usr/include]
    add: [/Applications/Xcode.app/Contents/Developer/Toolchains/XcodeDefault.xctoolchain/usr/include]
  end of search list found
  collapse include dir [/Applications/Xcode.app/Contents/Developer/Toolchains/XcodeDefault.xctoolchain/usr/lib/clang/12.0.5/include] ==> [/Applications/Xcode.app/Contents/Developer/Toolchains/XcodeDefault.xctoolchain/usr/lib/clang/12.0.5/include]
  collapse include dir [/Applications/Xcode.app/Contents/Developer/Platforms/MacOSX.platform/Developer/SDKs/MacOSX11.3.sdk/usr/include] ==> [/Applications/Xcode.app/Contents/Developer/Platforms/MacOSX.platform/Developer/SDKs/MacOSX11.3.sdk/usr/include]
  collapse include dir [/Applications/Xcode.app/Contents/Developer/Toolchains/XcodeDefault.xctoolchain/usr/include] ==> [/Applications/Xcode.app/Contents/Developer/Toolchains/XcodeDefault.xctoolchain/usr/include]
  implicit include dirs: [/Applications/Xcode.app/Contents/Developer/Toolchains/XcodeDefault.xctoolchain/usr/lib/clang/12.0.5/include;/Applications/Xcode.app/Contents/Developer/Platforms/MacOSX.platform/Developer/SDKs/MacOSX11.3.sdk/usr/include;/Applications/Xcode.app/Contents/Developer/Toolchains/XcodeDefault.xctoolchain/usr/include]


Parsed C implicit link information from above output:
  link line regex: [^( *|.*[/\])(ld|CMAKE_LINK_STARTFILE-NOTFOUND|([^/\]+-)?ld|collect2)[^/\]*( |$)]
  ignore line: [Change Dir: /Users/leleliu008/git/C/algorithm/chinese-calendar/build.d/CMakeFiles/CMakeTmp]
  ignore line: []
  ignore line: [Run Build Command(s):/usr/local/bin/gmake -f Makefile cmTC_fb724/fast && /usr/local/bin/gmake  -f CMakeFiles/cmTC_fb724.dir/build.make CMakeFiles/cmTC_fb724.dir/build]
  ignore line: [gmake[1]: Entering directory '/Users/leleliu008/git/C/algorithm/chinese-calendar/build.d/CMakeFiles/CMakeTmp']
  ignore line: [Building C object CMakeFiles/cmTC_fb724.dir/CMakeCCompilerABI.c.o]
  ignore line: [/Applications/Xcode.app/Contents/Developer/Toolchains/XcodeDefault.xctoolchain/usr/bin/cc   -isysroot /Applications/Xcode.app/Contents/Developer/Platforms/MacOSX.platform/Developer/SDKs/MacOSX11.3.sdk   -v -Wl -v -MD -MT CMakeFiles/cmTC_fb724.dir/CMakeCCompilerABI.c.o -MF CMakeFiles/cmTC_fb724.dir/CMakeCCompilerABI.c.o.d -o CMakeFiles/cmTC_fb724.dir/CMakeCCompilerABI.c.o -c /usr/local/Cellar/cmake/3.20.3/share/cmake/Modules/CMakeCCompilerABI.c]
  ignore line: [Apple clang version 12.0.5 (clang-1205.0.22.9)]
  ignore line: [Target: x86_64-apple-darwin20.5.0]
  ignore line: [Thread model: posix]
  ignore line: [InstalledDir: /Applications/Xcode.app/Contents/Developer/Toolchains/XcodeDefault.xctoolchain/usr/bin]
  ignore line: [clang: warning: -Wl -v: 'linker' input unused [-Wunused-command-line-argument]]
  ignore line: [ "/Applications/Xcode.app/Contents/Developer/Toolchains/XcodeDefault.xctoolchain/usr/bin/clang" -cc1 -triple x86_64-apple-macosx11.0.0 -Wdeprecated-objc-isa-usage -Werror=deprecated-objc-isa-usage -Werror=implicit-function-declaration -emit-obj -mrelax-all -disable-free -disable-llvm-verifier -discard-value-names -main-file-name CMakeCCompilerABI.c -mrelocation-model pic -pic-level 2 -mframe-pointer=all -fno-strict-return -fno-rounding-math -munwind-tables -target-sdk-version=11.3 -fvisibility-inlines-hidden-static-local-var -target-cpu penryn -debugger-tuning=lldb -target-linker-version 650.9 -v -resource-dir /Applications/Xcode.app/Contents/Developer/Toolchains/XcodeDefault.xctoolchain/usr/lib/clang/12.0.5 -dependency-file CMakeFiles/cmTC_fb724.dir/CMakeCCompilerABI.c.o.d -skip-unused-modulemap-deps -MT CMakeFiles/cmTC_fb724.dir/CMakeCCompilerABI.c.o -sys-header-deps -isysroot /Applications/Xcode.app/Contents/Developer/Platforms/MacOSX.platform/Developer/SDKs/MacOSX11.3.sdk -internal-isystem /Applications/Xcode.app/Contents/Developer/Platforms/MacOSX.platform/Developer/SDKs/MacOSX11.3.sdk/usr/local/include -internal-isystem /Applications/Xcode.app/Contents/Developer/Toolchains/XcodeDefault.xctoolchain/usr/lib/clang/12.0.5/include -internal-externc-isystem /Applications/Xcode.app/Contents/Developer/Platforms/MacOSX.platform/Developer/SDKs/MacOSX11.3.sdk/usr/include -internal-externc-isystem /Applications/Xcode.app/Contents/Developer/Toolchains/XcodeDefault.xctoolchain/usr/include -Wno-reorder-init-list -Wno-implicit-int-float-conversion -Wno-c99-designator -Wno-final-dtor-non-final-class -Wno-extra-semi-stmt -Wno-misleading-indentation -Wno-quoted-include-in-framework-header -Wno-implicit-fallthrough -Wno-enum-enum-conversion -Wno-enum-float-conversion -Wno-elaborated-enum-base -fdebug-compilation-dir /Users/leleliu008/git/C/algorithm/chinese-calendar/build.d/CMakeFiles/CMakeTmp -ferror-limit 19 -stack-protector 1 -fstack-check -mdarwin-stkchk-strong-link -fblocks -fencode-extended-block-signature -fregister-global-dtors-with-atexit -fgnuc-version=4.2.1 -fmax-type-align=16 -fcommon -clang-vendor-feature=+disableNonDependentMemberExprInCurrentInstantiation -fno-odr-hash-protocols -mllvm -disable-aligned-alloc-awareness=1 -o CMakeFiles/cmTC_fb724.dir/CMakeCCompilerABI.c.o -x c /usr/local/Cellar/cmake/3.20.3/share/cmake/Modules/CMakeCCompilerABI.c]
  ignore line: [clang -cc1 version 12.0.5 (clang-1205.0.22.9) default target x86_64-apple-darwin20.5.0]
  ignore line: [ignoring nonexistent directory "/Applications/Xcode.app/Contents/Developer/Platforms/MacOSX.platform/Developer/SDKs/MacOSX11.3.sdk/usr/local/include"]
  ignore line: [ignoring nonexistent directory "/Applications/Xcode.app/Contents/Developer/Platforms/MacOSX.platform/Developer/SDKs/MacOSX11.3.sdk/Library/Frameworks"]
  ignore line: [#include "..." search starts here:]
  ignore line: [#include <...> search starts here:]
  ignore line: [ /Applications/Xcode.app/Contents/Developer/Toolchains/XcodeDefault.xctoolchain/usr/lib/clang/12.0.5/include]
  ignore line: [ /Applications/Xcode.app/Contents/Developer/Platforms/MacOSX.platform/Developer/SDKs/MacOSX11.3.sdk/usr/include]
  ignore line: [ /Applications/Xcode.app/Contents/Developer/Toolchains/XcodeDefault.xctoolchain/usr/include]
  ignore line: [ /Applications/Xcode.app/Contents/Developer/Platforms/MacOSX.platform/Developer/SDKs/MacOSX11.3.sdk/System/Library/Frameworks (framework directory)]
  ignore line: [End of search list.]
  ignore line: [Linking C executable cmTC_fb724]
  ignore line: [/usr/local/Cellar/cmake/3.20.3/bin/cmake -E cmake_link_script CMakeFiles/cmTC_fb724.dir/link.txt --verbose=1]
  ignore line: [/Applications/Xcode.app/Contents/Developer/Toolchains/XcodeDefault.xctoolchain/usr/bin/cc  -isysroot /Applications/Xcode.app/Contents/Developer/Platforms/MacOSX.platform/Developer/SDKs/MacOSX11.3.sdk -Wl -search_paths_first -Wl -headerpad_max_install_names -L/usr/local/opt/curl/lib -L/usr/local/opt/libxml2/lib -L/usr/local/opt/gettext/lib -L/usr/local/opt/bison/lib -L/usr/local/opt/readline/lib -L/usr/local/opt/ncurses/lib -L/usr/local/opt/libffi/lib -L/usr/local/opt/qt/lib -L/usr/local/opt/sqlite3/lib -v -Wl -v CMakeFiles/cmTC_fb724.dir/CMakeCCompilerABI.c.o -o cmTC_fb724 ]
  ignore line: [Apple clang version 12.0.5 (clang-1205.0.22.9)]
  ignore line: [Target: x86_64-apple-darwin20.5.0]
  ignore line: [Thread model: posix]
  ignore line: [InstalledDir: /Applications/Xcode.app/Contents/Developer/Toolchains/XcodeDefault.xctoolchain/usr/bin]
  link line: [ "/Applications/Xcode.app/Contents/Developer/Toolchains/XcodeDefault.xctoolchain/usr/bin/ld" -demangle -lto_library /Applications/Xcode.app/Contents/Developer/Toolchains/XcodeDefault.xctoolchain/usr/lib/libLTO.dylib -dynamic -arch x86_64 -platform_version macos 11.0.0 11.3 -syslibroot /Applications/Xcode.app/Contents/Developer/Platforms/MacOSX.platform/Developer/SDKs/MacOSX11.3.sdk -o cmTC_fb724 -L/usr/local/opt/curl/lib -L/usr/local/opt/libxml2/lib -L/usr/local/opt/gettext/lib -L/usr/local/opt/bison/lib -L/usr/local/opt/readline/lib -L/usr/local/opt/ncurses/lib -L/usr/local/opt/libffi/lib -L/usr/local/opt/qt/lib -L/usr/local/opt/sqlite3/lib -search_paths_first -headerpad_max_install_names -v CMakeFiles/cmTC_fb724.dir/CMakeCCompilerABI.c.o -lSystem /Applications/Xcode.app/Contents/Developer/Toolchains/XcodeDefault.xctoolchain/usr/lib/clang/12.0.5/lib/darwin/libclang_rt.osx.a]
    arg [/Applications/Xcode.app/Contents/Developer/Toolchains/XcodeDefault.xctoolchain/usr/bin/ld] ==> ignore
    arg [-demangle] ==> ignore
    arg [-lto_library] ==> ignore, skip following value
    arg [/Applications/Xcode.app/Contents/Developer/Toolchains/XcodeDefault.xctoolchain/usr/lib/libLTO.dylib] ==> skip value of -lto_library
    arg [-dynamic] ==> ignore
    arg [-arch] ==> ignore
    arg [x86_64] ==> ignore
    arg [-platform_version] ==> ignore
    arg [macos] ==> ignore
    arg [11.0.0] ==> ignore
    arg [11.3] ==> ignore
    arg [-syslibroot] ==> ignore
    arg [/Applications/Xcode.app/Contents/Developer/Platforms/MacOSX.platform/Developer/SDKs/MacOSX11.3.sdk] ==> ignore
    arg [-o] ==> ignore
    arg [cmTC_fb724] ==> ignore
    arg [-L/usr/local/opt/curl/lib] ==> dir [/usr/local/opt/curl/lib]
    arg [-L/usr/local/opt/libxml2/lib] ==> dir [/usr/local/opt/libxml2/lib]
    arg [-L/usr/local/opt/gettext/lib] ==> dir [/usr/local/opt/gettext/lib]
    arg [-L/usr/local/opt/bison/lib] ==> dir [/usr/local/opt/bison/lib]
    arg [-L/usr/local/opt/readline/lib] ==> dir [/usr/local/opt/readline/lib]
    arg [-L/usr/local/opt/ncurses/lib] ==> dir [/usr/local/opt/ncurses/lib]
    arg [-L/usr/local/opt/libffi/lib] ==> dir [/usr/local/opt/libffi/lib]
    arg [-L/usr/local/opt/qt/lib] ==> dir [/usr/local/opt/qt/lib]
    arg [-L/usr/local/opt/sqlite3/lib] ==> dir [/usr/local/opt/sqlite3/lib]
    arg [-search_paths_first] ==> ignore
    arg [-headerpad_max_install_names] ==> ignore
    arg [-v] ==> ignore
    arg [CMakeFiles/cmTC_fb724.dir/CMakeCCompilerABI.c.o] ==> ignore
    arg [-lSystem] ==> lib [System]
    arg [/Applications/Xcode.app/Contents/Developer/Toolchains/XcodeDefault.xctoolchain/usr/lib/clang/12.0.5/lib/darwin/libclang_rt.osx.a] ==> lib [/Applications/Xcode.app/Contents/Developer/Toolchains/XcodeDefault.xctoolchain/usr/lib/clang/12.0.5/lib/darwin/libclang_rt.osx.a]
  Library search paths: [;/usr/local/opt/curl/lib;/usr/local/opt/libxml2/lib;/usr/local/opt/gettext/lib;/usr/local/opt/bison/lib;/usr/local/opt/readline/lib;/usr/local/opt/ncurses/lib;/usr/local/opt/libffi/lib;/usr/local/opt/qt/lib;/usr/local/opt/sqlite3/lib;/Applications/Xcode.app/Contents/Developer/Platforms/MacOSX.platform/Developer/SDKs/MacOSX11.3.sdk/usr/lib]
  Framework search paths: [;/Applications/Xcode.app/Contents/Developer/Platforms/MacOSX.platform/Developer/SDKs/MacOSX11.3.sdk/System/Library/Frameworks/]
  remove lib [System]
  remove lib [/Applications/Xcode.app/Contents/Developer/Toolchains/XcodeDefault.xctoolchain/usr/lib/clang/12.0.5/lib/darwin/libclang_rt.osx.a]
  collapse library dir [/usr/local/opt/curl/lib] ==> [/usr/local/opt/curl/lib]
  collapse library dir [/usr/local/opt/libxml2/lib] ==> [/usr/local/opt/libxml2/lib]
  collapse library dir [/usr/local/opt/gettext/lib] ==> [/usr/local/opt/gettext/lib]
  collapse library dir [/usr/local/opt/bison/lib] ==> [/usr/local/opt/bison/lib]
  collapse library dir [/usr/local/opt/readline/lib] ==> [/usr/local/opt/readline/lib]
  collapse library dir [/usr/local/opt/ncurses/lib] ==> [/usr/local/opt/ncurses/lib]
  collapse library dir [/usr/local/opt/libffi/lib] ==> [/usr/local/opt/libffi/lib]
  collapse library dir [/usr/local/opt/qt/lib] ==> [/usr/local/opt/qt/lib]
  collapse library dir [/usr/local/opt/sqlite3/lib] ==> [/usr/local/opt/sqlite3/lib]
  collapse library dir [/usr/local/opt/curl/lib] ==> [/usr/local/opt/curl/lib]
  collapse library dir [/usr/local/opt/libxml2/lib] ==> [/usr/local/opt/libxml2/lib]
  collapse library dir [/usr/local/opt/gettext/lib] ==> [/usr/local/opt/gettext/lib]
  collapse library dir [/usr/local/opt/bison/lib] ==> [/usr/local/opt/bison/lib]
  collapse library dir [/usr/local/opt/readline/lib] ==> [/usr/local/opt/readline/lib]
  collapse library dir [/usr/local/opt/ncurses/lib] ==> [/usr/local/opt/ncurses/lib]
  collapse library dir [/usr/local/opt/libffi/lib] ==> [/usr/local/opt/libffi/lib]
  collapse library dir [/usr/local/opt/qt/lib] ==> [/usr/local/opt/qt/lib]
  collapse library dir [/usr/local/opt/sqlite3/lib] ==> [/usr/local/opt/sqlite3/lib]
  collapse library dir [/Applications/Xcode.app/Contents/Developer/Platforms/MacOSX.platform/Developer/SDKs/MacOSX11.3.sdk/usr/lib] ==> [/Applications/Xcode.app/Contents/Developer/Platforms/MacOSX.platform/Developer/SDKs/MacOSX11.3.sdk/usr/lib]
  collapse framework dir [/Applications/Xcode.app/Contents/Developer/Platforms/MacOSX.platform/Developer/SDKs/MacOSX11.3.sdk/System/Library/Frameworks/] ==> [/Applications/Xcode.app/Contents/Developer/Platforms/MacOSX.platform/Developer/SDKs/MacOSX11.3.sdk/System/Library/Frameworks]
  implicit libs: []
  implicit objs: []
  implicit dirs: [/usr/local/opt/curl/lib;/usr/local/opt/libxml2/lib;/usr/local/opt/gettext/lib;/usr/local/opt/bison/lib;/usr/local/opt/readline/lib;/usr/local/opt/ncurses/lib;/usr/local/opt/libffi/lib;/usr/local/opt/qt/lib;/usr/local/opt/sqlite3/lib;/Applications/Xcode.app/Contents/Developer/Platforms/MacOSX.platform/Developer/SDKs/MacOSX11.3.sdk/usr/lib]
  implicit fwks: [/Applications/Xcode.app/Contents/Developer/Platforms/MacOSX.platform/Developer/SDKs/MacOSX11.3.sdk/System/Library/Frameworks]


